[     125ms] Error: Hydration failed because the server rendered HTML didn't match the client. As a result this tree will be regenerated on the client. This can happen if a SSR-ed Client Component used:

- A server/client branch `if (typeof window !== 'undefined')`.
- Variable input such as `Date.now()` or `Math.random()` which changes each time it's called.
- Date formatting in a user's locale which doesn't match the server.
- External changing data without sending a snapshot of it along with the HTML.
- Invalid HTML tag nesting.

It can also happen if the client has a browser extension installed which messes with the HTML before React loaded.

https://react.dev/link/hydration-mismatch

  ...
    <SegmentViewNode type="page" pagePath="my-trips/p...">
      <SegmentTrieNode>
      <MyTripsPage>
        <div className="max-w-3xl ...">
          <h1>
          <section className="mb-10">
            <h2>
            <div className="space-y-4">
              <div className="space-y-2">
                <div className="flex items...">
                  <h3>
                  <ModifyTripDialog flight={{...}} hotel={{...}}>
                    <Dialog open={false} onOpenChange={function onOpenChange}>
                      <DialogRoot data-slot="dialog" open={false} onOpenChange={function onOpenChange}>
                        <DialogTrigger className="inline-fle...">
                          <DialogTrigger data-slot="dialog-tri..." className="inline-fle...">
                            <button
                              type="button"
                              onClick={function onClick}
                              onMouseDown={function onMouseDown}
                              onKeyDown={function}
                              onKeyUp={function onKeyUp}
                              onPointerDown={function onPointerDown}
                              tabIndex={0}
                              disabled={false}
                              data-base-ui-click-trigger=""
                              id="base-ui-_R_sr75esnelb_"
                              data-slot="dialog-trigger"
                              ref={function}
+                             className="inline-flex h-7 items-center gap-1.5 rounded-lg border border-blue-200 px-2.5..."
-                             className={null}
                            >
                              <Pencil className="size-3.5">
+                               <svg
+                                 ref={null}
+                                 xmlns="http://www.w3.org/2000/svg"
+                                 width={24}
+                                 height={24}
+                                 viewBox="0 0 24 24"
+                                 fill="none"
+                                 stroke="currentColor"
+                                 strokeWidth={2}
+                                 strokeLinecap="round"
+                                 strokeLinejoin="round"
+                                 className="lucide lucide-pencil size-3.5"
+                                 aria-hidden="true"
+                               >
                              ...
                        ...
                ...
              ...
          ...
    ...

    at throwOnHydrationMismatch (http://localhost:3000/_next/static/chunks/node_modules_next_dist_compiled_react-dom_058-ah~._.js:3318:56)
    at beginWork (http://localhost:3000/_next/static/chunks/node_modules_next_dist_compiled_react-dom_058-ah~._.js:6758:918)
    at runWithFiberInDEV (http://localhost:3000/_next/static/chunks/node_modules_next_dist_compiled_react-dom_058-ah~._.js:965:74)
    at performUnitOfWork (http://localhost:3000/_next/static/chunks/node_modules_next_dist_compiled_react-dom_058-ah~._.js:9555:97)
    at workLoopConcurrentByScheduler (http://localhost:3000/_next/static/chunks/node_modules_next_dist_compiled_react-dom_058-ah~._.js:9551:58)
    at renderRootConcurrent (http://localhost:3000/_next/static/chunks/node_modules_next_dist_compiled_react-dom_058-ah~._.js:9534:71)
    at performWorkOnRoot (http://localhost:3000/_next/static/chunks/node_modules_next_dist_compiled_react-dom_058-ah~._.js:9061:150)
    at performWorkOnRootViaSchedulerTask (http://localhost:3000/_next/static/chunks/node_modules_next_dist_compiled_react-dom_058-ah~._.js:10255:9)
    at MessagePort.performWorkUntilDeadline (http://localhost:3000/_next/static/chunks/node_modules_next_dist_compiled_0rpq4pf._.js:2647:64)
[  108202ms] [ERROR] ./src/app/my-trips/modify-trip-dialog.tsx:344:1
Unexpected token. Did you mean `{'}'}` or `&rbrace;`?
  342 |     </Dialog>
  343 |   );
> 344 | }
      | ^
  345 |

Parsing ecmascript source code failed

Import trace:
  Server Component:
    ./src/app/my-trips/modify-trip-dialog.tsx
    ./src/app/my-trips/page.tsx @ http://localhost:3000/_next/static/chunks/node_modules_next_dist_115brz8._.js:3272
[  108374ms] [ERROR] ./src/app/my-trips/modify-trip-dialog.tsx:344:1
Unexpected token. Did you mean `{'}'}` or `&rbrace;`?
  342 |     </Dialog>
  343 |   );
> 344 | }
      | ^
  345 |

Parsing ecmascript source code failed

Import trace:
  Server Component:
    ./src/app/my-trips/modify-trip-dialog.tsx
    ./src/app/my-trips/page.tsx @ http://localhost:3000/_next/static/chunks/node_modules_next_dist_115brz8._.js:3272
[  108375ms] [ERROR] Failed to load resource: the server responded with a status of 500 (Internal Server Error) @ http://localhost:3000/my-trips?_rsc=5ex8q:0
[  108442ms] [ERROR] Failed to load resource: the server responded with a status of 500 (Internal Server Error) @ http://localhost:3000/my-trips:0
[  108580ms] Error: ./src/app/my-trips/modify-trip-dialog.tsx:344:1
Unexpected token. Did you mean `{'}'}` or `&rbrace;`?
  342 |     </Dialog>
  343 |   );
> 344 | }
      | ^
  345 |

Parsing ecmascript source code failed

Import trace:
  Server Component:
    ./src/app/my-trips/modify-trip-dialog.tsx
    ./src/app/my-trips/page.tsx


    at <unknown> (Error: ./src/app/my-trips/modify-trip-dialog.tsx:344:1)
    at Object.getCompilationErrors (file:///Users/qifei/code/jexpedia/node_modules/next/dist/server/dev/hot-reloader-turbopack.js:1189:59)
    at DevBundlerService.getCompilationError (file:///Users/qifei/code/jexpedia/node_modules/next/dist/server/lib/dev-bundler-service.js:44:55)
    at DevServer.getCompilationError (file:///Users/qifei/code/jexpedia/node_modules/next/dist/server/dev/next-dev-server.js:719:42)
    at DevServer.findPageComponents (file:///Users/qifei/code/jexpedia/node_modules/next/dist/server/dev/next-dev-server.js:689:43)
    at async DevServer.renderErrorToResponseImpl (file:///Users/qifei/code/jexpedia/node_modules/next/dist/server/base-server.js:1745:26)
[  108588ms] [ERROR] ./src/app/my-trips/modify-trip-dialog.tsx:344:1
Unexpected token. Did you mean `{'}'}` or `&rbrace;`?
  342 |     </Dialog>
  343 |   );
> 344 | }
      | ^
  345 |

Parsing ecmascript source code failed

Import trace:
  Server Component:
    ./src/app/my-trips/modify-trip-dialog.tsx
    ./src/app/my-trips/page.tsx @ http://localhost:3000/_next/static/chunks/node_modules_next_dist_0u_w_5s._.js:1945
[  108595ms] [ERROR] ./src/app/my-trips/modify-trip-dialog.tsx:344:1
Unexpected token. Did you mean `{'}'}` or `&rbrace;`?
  342 |     </Dialog>
  343 |   );
> 344 | }
      | ^
  345 |

Parsing ecmascript source code failed

Import trace:
  Server Component:
    ./src/app/my-trips/modify-trip-dialog.tsx
    ./src/app/my-trips/page.tsx @ http://localhost:3000/_next/static/chunks/node_modules_next_dist_0u_w_5s._.js:1945
[  108625ms] [ERROR] ./src/app/my-trips/modify-trip-dialog.tsx:344:1
Unexpected token. Did you mean `{'}'}` or `&rbrace;`?
  342 |     </Dialog>
  343 |   );
> 344 | }
      | ^
  345 |

Parsing ecmascript source code failed

Import trace:
  Server Component:
    ./src/app/my-trips/modify-trip-dialog.tsx
    ./src/app/my-trips/page.tsx @ http://localhost:3000/_next/static/chunks/node_modules_next_dist_0u_w_5s._.js:1945
[  118047ms] [ERROR] ./src/app/my-trips/modify-trip-dialog.tsx:344:1
Unexpected token. Did you mean `{'}'}` or `&rbrace;`?
  342 |     </Dialog>
  343 |   );
> 344 | }
      | ^
  345 |

Parsing ecmascript source code failed

Import trace:
  Server Component:
    ./src/app/my-trips/modify-trip-dialog.tsx
    ./src/app/my-trips/page.tsx @ http://localhost:3000/_next/static/chunks/node_modules_next_dist_0u_w_5s._.js:1945
[  118101ms] [ERROR] ./src/app/my-trips/modify-trip-dialog.tsx:344:1
Unexpected token. Did you mean `{'}'}` or `&rbrace;`?
  342 |     </Dialog>
  343 |   );
> 344 | }
      | ^
  345 |

Parsing ecmascript source code failed

Import trace:
  Server Component:
    ./src/app/my-trips/modify-trip-dialog.tsx
    ./src/app/my-trips/page.tsx @ http://localhost:3000/_next/static/chunks/node_modules_next_dist_0u_w_5s._.js:1945
[  122862ms] [ERROR] ./src/app/my-trips/modify-trip-dialog.tsx:344:1
Unexpected token. Did you mean `{'}'}` or `&rbrace;`?
  342 |     </Dialog>
  343 |   );
> 344 | }
      | ^
  345 |

Parsing ecmascript source code failed

Import trace:
  Server Component:
    ./src/app/my-trips/modify-trip-dialog.tsx
    ./src/app/my-trips/page.tsx @ http://localhost:3000/_next/static/chunks/node_modules_next_dist_0u_w_5s._.js:1945
[  122927ms] [ERROR] ./src/app/my-trips/modify-trip-dialog.tsx:344:1
Unexpected token. Did you mean `{'}'}` or `&rbrace;`?
  342 |     </Dialog>
  343 |   );
> 344 | }
      | ^
  345 |

Parsing ecmascript source code failed

Import trace:
  Server Component:
    ./src/app/my-trips/modify-trip-dialog.tsx
    ./src/app/my-trips/page.tsx @ http://localhost:3000/_next/static/chunks/node_modules_next_dist_0u_w_5s._.js:1945
[  132775ms] [ERROR] ./src/app/my-trips/modify-trip-dialog.tsx:344:1
Unexpected token. Did you mean `{'}'}` or `&rbrace;`?
  342 |     </Dialog>
  343 |   );
> 344 | }
      | ^
  345 |

Parsing ecmascript source code failed

Import trace:
  Server Component:
    ./src/app/my-trips/modify-trip-dialog.tsx
    ./src/app/my-trips/page.tsx @ http://localhost:3000/_next/static/chunks/node_modules_next_dist_0u_w_5s._.js:1945
[  132848ms] [ERROR] ./src/app/my-trips/modify-trip-dialog.tsx:344:1
Unexpected token. Did you mean `{'}'}` or `&rbrace;`?
  342 |     </Dialog>
  343 |   );
> 344 | }
      | ^
  345 |

Parsing ecmascript source code failed

Import trace:
  Server Component:
    ./src/app/my-trips/modify-trip-dialog.tsx
    ./src/app/my-trips/page.tsx @ http://localhost:3000/_next/static/chunks/node_modules_next_dist_0u_w_5s._.js:1945
