[     130ms] Error: Hydration failed because the server rendered HTML didn't match the client. As a result this tree will be regenerated on the client. This can happen if a SSR-ed Client Component used:

- A server/client branch `if (typeof window !== 'undefined')`.
- Variable input such as `Date.now()` or `Math.random()` which changes each time it's called.
- Date formatting in a user's locale which doesn't match the server.
- External changing data without sending a snapshot of it along with the HTML.
- Invalid HTML tag nesting.

It can also happen if the client has a browser extension installed which messes with the HTML before React loaded.

https://react.dev/link/hydration-mismatch

  ...
    <SegmentViewNode type="page" pagePath="my-trips/p...">
      <SegmentTrieNode>
      <MyTripsPage>
        <div className="max-w-3xl ...">
          <h1>
          <section className="mb-10">
            <h2>
            <div className="space-y-4">
              <div className="space-y-2">
                <div className="flex items...">
                  <h3>
                  <ModifyTripDialog flight={{...}} hotel={{...}}>
                    <Dialog open={false} onOpenChange={function onOpenChange}>
                      <DialogRoot data-slot="dialog" open={false} onOpenChange={function onOpenChange}>
                        <DialogTrigger className="inline-fle...">
                          <DialogTrigger data-slot="dialog-tri..." className="inline-fle...">
                            <button
                              type="button"
                              onClick={function onClick}
                              onMouseDown={function onMouseDown}
                              onKeyDown={function}
                              onKeyUp={function onKeyUp}
                              onPointerDown={function onPointerDown}
                              tabIndex={0}
                              disabled={false}
                              data-base-ui-click-trigger=""
                              id="base-ui-_R_sr75esnelb_"
                              data-slot="dialog-trigger"
                              ref={function}
+                             className="inline-flex h-7 items-center gap-1.5 rounded-lg border border-blue-200 px-2.5..."
-                             className={null}
                            >
                              <Pencil className="size-3.5">
+                               <svg
+                                 ref={null}
+                                 xmlns="http://www.w3.org/2000/svg"
+                                 width={24}
+                                 height={24}
+                                 viewBox="0 0 24 24"
+                                 fill="none"
+                                 stroke="currentColor"
+                                 strokeWidth={2}
+                                 strokeLinecap="round"
+                                 strokeLinejoin="round"
+                                 className="lucide lucide-pencil size-3.5"
+                                 aria-hidden="true"
+                               >
                              ...
                        ...
                ...
              ...
    ...

    at throwOnHydrationMismatch (http://localhost:3000/_next/static/chunks/node_modules_next_dist_compiled_react-dom_058-ah~._.js:3318:56)
    at beginWork (http://localhost:3000/_next/static/chunks/node_modules_next_dist_compiled_react-dom_058-ah~._.js:6758:918)
    at runWithFiberInDEV (http://localhost:3000/_next/static/chunks/node_modules_next_dist_compiled_react-dom_058-ah~._.js:965:74)
    at performUnitOfWork (http://localhost:3000/_next/static/chunks/node_modules_next_dist_compiled_react-dom_058-ah~._.js:9555:97)
    at workLoopConcurrentByScheduler (http://localhost:3000/_next/static/chunks/node_modules_next_dist_compiled_react-dom_058-ah~._.js:9551:58)
    at renderRootConcurrent (http://localhost:3000/_next/static/chunks/node_modules_next_dist_compiled_react-dom_058-ah~._.js:9534:71)
    at performWorkOnRoot (http://localhost:3000/_next/static/chunks/node_modules_next_dist_compiled_react-dom_058-ah~._.js:9061:150)
    at performWorkOnRootViaSchedulerTask (http://localhost:3000/_next/static/chunks/node_modules_next_dist_compiled_react-dom_058-ah~._.js:10255:9)
    at MessagePort.performWorkUntilDeadline (http://localhost:3000/_next/static/chunks/node_modules_next_dist_compiled_0rpq4pf._.js:2647:64)
